<?xml version="1.0" encoding="UTF-8"?>
<testsuite name="com.harshamangina.Input.inputProcessorTest" tests="2" skipped="0" failures="0" errors="0" timestamp="2022-06-30T02:27:04" hostname="man" time="0.014">
  <properties/>
  <testcase name="testFor_ValidInputFile()" classname="com.harshamangina.Input.inputProcessorTest" time="0.005"/>
  <testcase name="testFor_InvalidInputFile()" classname="com.harshamangina.Input.inputProcessorTest" time="0.007"/>
  <system-out><![CDATA[]]></system-out>
  <system-err><![CDATA[]]></system-err>
</testsuite>
