<?xml version="1.0" encoding="UTF-8"?>
<testsuite name="com.harshamangina.Service.BillServiceForBoreWellTest" tests="1" skipped="0" failures="0" errors="0" timestamp="2022-06-30T02:27:04" hostname="man" time="0.004">
  <properties/>
  <testcase name="testfor_ValidBoreWellBill()" classname="com.harshamangina.Service.BillServiceForBoreWellTest" time="0.004"/>
  <system-out><![CDATA[]]></system-out>
  <system-err><![CDATA[]]></system-err>
</testsuite>
