<?xml version="1.0" encoding="UTF-8"?>
<testsuite name="com.harshamangina.Service.BillOperationTest" tests="2" skipped="0" failures="0" errors="0" timestamp="2022-06-30T02:27:04" hostname="man" time="0.019">
  <properties/>
  <testcase name="testFor_BillOperationWithOutGuests()" classname="com.harshamangina.Service.BillOperationTest" time="0.015"/>
  <testcase name="testFor_BillOPeartionWithGuests()" classname="com.harshamangina.Service.BillOperationTest" time="0.002"/>
  <system-out><![CDATA[]]></system-out>
  <system-err><![CDATA[]]></system-err>
</testsuite>
