<?xml version="1.0" encoding="UTF-8"?>
<testsuite name="com.harshamangina.Service.BillServiceForTankTest" tests="1" skipped="0" failures="0" errors="0" timestamp="2022-06-30T02:27:04" hostname="man" time="0.007">
  <properties/>
  <testcase name="testFor_ValidTank()" classname="com.harshamangina.Service.BillServiceForTankTest" time="0.007"/>
  <system-out><![CDATA[]]></system-out>
  <system-err><![CDATA[]]></system-err>
</testsuite>
